2020-12-14 21:25:10,227 - root - INFO - Logging system initialized, kept in file /home/pi/Documents/OAK/MaskDetection/depthai-experiments/coronamask/camera.log...
2020-12-14 21:25:10,230 - __main__ - INFO - Setting up debug run...
2020-12-14 21:25:11,325 - depthai_utils - INFO - Creating DepthAI pipeline...
2020-12-14 21:25:11,882 - depthai_utils - INFO - Pipeline created.
2020-12-14 21:25:11,889 - __main__ - INFO - Setup complete, parsing frames...
2020-12-14 21:26:46,519 - depthai_utils - INFO - [INFO] elapsed time: 94.63
2020-12-14 21:26:46,522 - depthai_utils - INFO - [INFO] approx. FPS: 29.87
2020-12-14 21:31:24,338 - root - INFO - Logging system initialized, kept in file /home/pi/Documents/OAK/MaskDetection/depthai-experiments/coronamask/camera.log...
2020-12-14 21:31:24,341 - __main__ - INFO - Setting up debug run...
2020-12-14 21:31:25,428 - depthai_utils - INFO - Creating DepthAI pipeline...
2020-12-14 21:31:26,022 - depthai_utils - INFO - Pipeline created.
2020-12-14 21:31:26,024 - __main__ - INFO - Setup complete, parsing frames...
2020-12-14 21:32:06,776 - depthai_utils - INFO - [INFO] elapsed time: 40.75
2020-12-14 21:32:06,778 - depthai_utils - INFO - [INFO] approx. FPS: 29.72
2020-12-14 21:33:13,858 - root - INFO - Logging system initialized, kept in file /home/pi/Documents/OAK/MaskDetection/depthai-experiments/coronamask/camera.log...
2020-12-14 21:33:13,861 - __main__ - INFO - Setting up debug run...
2020-12-14 21:33:14,926 - depthai_utils - INFO - Creating DepthAI pipeline...
2020-12-14 21:33:15,482 - depthai_utils - INFO - Pipeline created.
2020-12-14 21:33:15,484 - __main__ - INFO - Setup complete, parsing frames...
2020-12-14 21:33:17,240 - depthai_utils - INFO - [INFO] elapsed time: 1.76
2020-12-14 21:33:17,241 - depthai_utils - INFO - [INFO] approx. FPS: 22.79
2020-12-14 21:34:13,083 - root - INFO - Logging system initialized, kept in file /home/pi/Documents/OAK/MaskDetection/depthai-experiments/coronamask/camera.log...
2020-12-14 21:34:13,087 - __main__ - INFO - Setting up debug run...
2020-12-14 21:34:14,176 - depthai_utils - INFO - Creating DepthAI pipeline...
2020-12-14 21:34:14,735 - depthai_utils - INFO - Pipeline created.
2020-12-14 21:34:14,736 - __main__ - INFO - Setup complete, parsing frames...
2020-12-14 21:34:17,485 - depthai_utils - INFO - [INFO] elapsed time: 2.75
2020-12-14 21:34:17,491 - depthai_utils - INFO - [INFO] approx. FPS: 25.84
2020-12-14 21:35:15,187 - root - INFO - Logging system initialized, kept in file /home/pi/Documents/OAK/MaskDetection/depthai-experiments/coronamask/camera.log...
2020-12-14 21:35:15,189 - __main__ - INFO - Setting up debug run...
2020-12-14 21:35:16,285 - depthai_utils - INFO - Creating DepthAI pipeline...
2020-12-14 21:35:16,850 - depthai_utils - INFO - Pipeline created.
2020-12-14 21:35:16,851 - __main__ - INFO - Setup complete, parsing frames...
2020-12-14 21:35:49,218 - depthai_utils - INFO - [INFO] elapsed time: 32.37
2020-12-14 21:35:49,220 - depthai_utils - INFO - [INFO] approx. FPS: 29.63
2020-12-14 21:35:52,193 - root - INFO - Logging system initialized, kept in file /home/pi/Documents/OAK/MaskDetection/depthai-experiments/coronamask/camera.log...
2020-12-14 21:35:52,196 - __main__ - INFO - Setting up debug run...
2020-12-14 21:35:53,295 - depthai_utils - INFO - Creating DepthAI pipeline...
2020-12-14 21:35:53,850 - depthai_utils - INFO - Pipeline created.
2020-12-14 21:35:53,853 - __main__ - INFO - Setup complete, parsing frames...
2020-12-14 21:36:19,932 - depthai_utils - INFO - [INFO] elapsed time: 26.08
2020-12-14 21:36:20,032 - depthai_utils - INFO - [INFO] approx. FPS: 29.60
2020-12-14 21:39:58,266 - root - INFO - Logging system initialized, kept in file /home/pi/Documents/OAK/MaskDetection/depthai-experiments/coronamask/camera.log...
2020-12-14 21:39:58,268 - __main__ - INFO - Setting up debug run...
2020-12-14 21:39:59,370 - depthai_utils - INFO - Creating DepthAI pipeline...
2020-12-14 21:39:59,928 - depthai_utils - INFO - Pipeline created.
2020-12-14 21:39:59,930 - __main__ - INFO - Setup complete, parsing frames...
2020-12-14 21:40:24,294 - depthai_utils - INFO - [INFO] elapsed time: 24.36
2020-12-14 21:40:24,296 - depthai_utils - INFO - [INFO] approx. FPS: 29.55
2020-12-14 21:40:59,739 - root - INFO - Logging system initialized, kept in file /home/pi/Documents/OAK/MaskDetection/depthai-experiments/coronamask/camera.log...
2020-12-14 21:40:59,742 - __main__ - INFO - Setting up debug run...
2020-12-14 21:41:00,808 - depthai_utils - INFO - Creating DepthAI pipeline...
2020-12-14 21:41:01,362 - depthai_utils - INFO - Pipeline created.
2020-12-14 21:41:01,364 - __main__ - INFO - Setup complete, parsing frames...
2020-12-14 21:41:52,756 - depthai_utils - INFO - [INFO] elapsed time: 51.39
2020-12-14 21:41:52,761 - depthai_utils - INFO - [INFO] approx. FPS: 29.73
2020-12-15 07:26:16,241 - root - INFO - Logging system initialized, kept in file /home/pi/Documents/OAK/MaskDetection/coronamask/camera.log...
2020-12-15 07:26:16,245 - __main__ - INFO - Setting up debug run...
2020-12-15 07:26:17,350 - depthai_utils - INFO - Creating DepthAI pipeline...
2020-12-15 07:26:18,467 - depthai_utils - INFO - Pipeline created.
2020-12-15 07:26:18,471 - __main__ - INFO - Setup complete, parsing frames...
2020-12-15 07:26:38,283 - depthai_utils - INFO - [INFO] elapsed time: 19.81
2020-12-15 07:26:38,294 - depthai_utils - INFO - [INFO] approx. FPS: 28.97
2020-12-15 08:16:48,609 - root - INFO - Logging system initialized, kept in file /home/pi/Documents/OAK/MaskDetection/coronamask/camera.log...
2020-12-15 08:16:48,612 - __main__ - INFO - Setting up debug run...
2020-12-15 08:16:49,673 - depthai_utils - INFO - Creating DepthAI pipeline...
2020-12-15 08:16:50,233 - depthai_utils - INFO - Pipeline created.
2020-12-15 08:16:50,237 - __main__ - INFO - Setup complete, parsing frames...
2020-12-15 08:17:57,032 - root - INFO - Logging system initialized, kept in file /home/pi/Documents/OAK/MaskDetection/coronamask/camera.log...
2020-12-15 08:17:57,035 - __main__ - INFO - Setting up debug run...
2020-12-15 08:17:58,118 - depthai_utils - INFO - Creating DepthAI pipeline...
2020-12-15 08:17:58,668 - depthai_utils - INFO - Pipeline created.
2020-12-15 08:17:58,669 - __main__ - INFO - Setup complete, parsing frames...
2020-12-15 21:44:01,593 - root - INFO - Logging system initialized, kept in file /home/pi/Documents/OAK/MaskDetection/coronamask/camera.log...
2020-12-15 21:44:01,597 - __main__ - INFO - Setting up debug run...
2020-12-15 21:44:02,697 - depthai_utils - INFO - Creating DepthAI pipeline...
2020-12-15 21:44:03,807 - depthai_utils - INFO - Pipeline created.
2020-12-15 21:44:03,810 - __main__ - INFO - Setup complete, parsing frames...
2020-12-15 21:46:54,550 - root - INFO - Logging system initialized, kept in file /home/pi/Documents/OAK/MaskDetection/coronamask/camera.log...
2020-12-15 21:46:54,556 - __main__ - INFO - Setting up debug run...
2020-12-15 21:46:55,645 - depthai_utils - INFO - Creating DepthAI pipeline...
2020-12-15 21:46:56,197 - depthai_utils - INFO - Pipeline created.
2020-12-15 21:46:56,205 - __main__ - INFO - Setup complete, parsing frames...
2020-12-15 21:47:40,739 - root - INFO - Logging system initialized, kept in file /home/pi/Documents/OAK/MaskDetection/coronamask/camera.log...
2020-12-15 21:47:40,742 - __main__ - INFO - Setting up debug run...
2020-12-15 21:47:41,825 - depthai_utils - INFO - Creating DepthAI pipeline...
2020-12-15 21:47:42,378 - depthai_utils - INFO - Pipeline created.
2020-12-15 21:47:42,394 - __main__ - INFO - Setup complete, parsing frames...
2020-12-15 21:51:51,678 - root - INFO - Logging system initialized, kept in file /home/pi/Documents/OAK/MaskDetection/coronamask/camera.log...
2020-12-15 21:51:51,680 - __main__ - INFO - Setting up debug run...
2020-12-15 21:51:52,757 - depthai_utils - INFO - Creating DepthAI pipeline...
2020-12-15 21:51:53,301 - depthai_utils - INFO - Pipeline created.
2020-12-15 21:51:53,303 - __main__ - INFO - Setup complete, parsing frames...
2020-12-15 21:51:53,512 - depthai_utils - INFO - [INFO] elapsed time: 0.21
2020-12-15 21:51:53,514 - depthai_utils - INFO - [INFO] approx. FPS: 0.00
2020-12-15 21:52:26,501 - root - INFO - Logging system initialized, kept in file /home/pi/Documents/OAK/MaskDetection/coronamask/camera.log...
2020-12-15 21:52:26,505 - __main__ - INFO - Setting up debug run...
2020-12-15 21:52:27,611 - depthai_utils - INFO - Creating DepthAI pipeline...
2020-12-15 21:52:28,178 - depthai_utils - INFO - Pipeline created.
2020-12-15 21:52:28,181 - __main__ - INFO - Setup complete, parsing frames...
2020-12-15 21:52:28,395 - depthai_utils - INFO - [INFO] elapsed time: 0.21
2020-12-15 21:52:28,396 - depthai_utils - INFO - [INFO] approx. FPS: 0.00
2020-12-15 21:52:59,569 - root - INFO - Logging system initialized, kept in file /home/pi/Documents/OAK/MaskDetection/coronamask/camera.log...
2020-12-15 21:52:59,573 - __main__ - INFO - Setting up debug run...
2020-12-15 21:53:00,646 - depthai_utils - INFO - Creating DepthAI pipeline...
2020-12-15 21:53:01,201 - depthai_utils - INFO - Pipeline created.
2020-12-15 21:53:01,210 - __main__ - INFO - Setup complete, parsing frames...
2020-12-15 21:57:50,685 - root - INFO - Logging system initialized, kept in file /home/pi/Documents/OAK/MaskDetection/coronamask/camera.log...
2020-12-15 21:57:50,688 - __main__ - INFO - Setting up debug run...
2020-12-15 21:57:51,781 - depthai_utils - INFO - Creating DepthAI pipeline...
2020-12-15 21:57:52,327 - depthai_utils - INFO - Pipeline created.
2020-12-15 21:57:52,331 - __main__ - INFO - Setup complete, parsing frames...
2020-12-15 22:00:19,172 - root - INFO - Logging system initialized, kept in file /home/pi/Documents/OAK/MaskDetection/coronamask/camera.log...
2020-12-15 22:00:19,175 - __main__ - INFO - Setting up debug run...
2020-12-15 22:00:20,257 - depthai_utils - INFO - Creating DepthAI pipeline...
2020-12-15 22:00:20,803 - depthai_utils - INFO - Pipeline created.
2020-12-15 22:00:20,807 - __main__ - INFO - Setup complete, parsing frames...
2020-12-15 22:02:06,412 - root - INFO - Logging system initialized, kept in file /home/pi/Documents/OAK/MaskDetection/coronamask/camera.log...
2020-12-15 22:02:06,415 - __main__ - INFO - Setting up debug run...
2020-12-15 22:02:07,486 - depthai_utils - INFO - Creating DepthAI pipeline...
2020-12-15 22:02:08,040 - depthai_utils - INFO - Pipeline created.
2020-12-15 22:02:08,043 - __main__ - INFO - Setup complete, parsing frames...
2020-12-15 22:05:08,471 - root - INFO - Logging system initialized, kept in file /home/pi/Documents/OAK/MaskDetection/coronamask/camera.log...
2020-12-15 22:05:08,474 - __main__ - INFO - Setting up debug run...
2020-12-15 22:05:09,546 - depthai_utils - INFO - Creating DepthAI pipeline...
2020-12-15 22:05:10,131 - depthai_utils - INFO - Pipeline created.
2020-12-15 22:05:10,135 - __main__ - INFO - Setup complete, parsing frames...
2020-12-15 22:10:39,880 - root - INFO - Logging system initialized, kept in file /home/pi/Documents/OAK/MaskDetection/coronamask/camera.log...
2020-12-15 22:10:39,885 - __main__ - INFO - Setting up debug run...
2020-12-15 22:10:40,988 - depthai_utils - INFO - Creating DepthAI pipeline...
2020-12-15 22:10:41,561 - depthai_utils - INFO - Pipeline created.
2020-12-15 22:10:41,563 - __main__ - INFO - Setup complete, parsing frames...
2020-12-15 22:12:11,743 - root - INFO - Logging system initialized, kept in file /home/pi/Documents/OAK/MaskDetection/coronamask/camera.log...
2020-12-15 22:12:11,747 - __main__ - INFO - Setting up debug run...
2020-12-15 22:12:12,812 - depthai_utils - INFO - Creating DepthAI pipeline...
2020-12-15 22:12:13,371 - depthai_utils - INFO - Pipeline created.
2020-12-15 22:12:13,376 - __main__ - INFO - Setup complete, parsing frames...
2020-12-15 22:14:56,949 - root - INFO - Logging system initialized, kept in file /home/pi/Documents/OAK/MaskDetection/coronamask/camera.log...
2020-12-15 22:14:56,952 - __main__ - INFO - Setting up debug run...
2020-12-15 22:14:58,031 - depthai_utils - INFO - Creating DepthAI pipeline...
2020-12-15 22:14:58,582 - depthai_utils - INFO - Pipeline created.
2020-12-15 22:14:58,586 - __main__ - INFO - Setup complete, parsing frames...
2020-12-15 22:24:06,333 - root - INFO - Logging system initialized, kept in file /home/pi/Documents/OAK/MaskDetection/coronamask/camera.log...
2020-12-15 22:24:06,337 - __main__ - INFO - Setting up debug run...
2020-12-15 22:24:07,416 - depthai_utils - INFO - Creating DepthAI pipeline...
2020-12-15 22:24:07,963 - depthai_utils - INFO - Pipeline created.
2020-12-15 22:24:07,979 - __main__ - INFO - Setup complete, parsing frames...
2020-12-15 22:26:36,410 - root - INFO - Logging system initialized, kept in file /home/pi/Documents/OAK/MaskDetection/coronamask/camera.log...
2020-12-15 22:26:36,414 - __main__ - INFO - Setting up debug run...
2020-12-15 22:26:37,497 - depthai_utils - INFO - Creating DepthAI pipeline...
2020-12-15 22:26:38,054 - depthai_utils - INFO - Pipeline created.
2020-12-15 22:26:38,056 - __main__ - INFO - Setup complete, parsing frames...
2020-12-17 07:16:58,871 - root - INFO - Logging system initialized, kept in file /home/pi/Documents/OAK/MaskDetection/coronamask/camera.log...
2020-12-17 07:16:58,876 - __main__ - INFO - Setting up debug run...
2020-12-17 07:16:59,988 - depthai_utils - INFO - Creating DepthAI pipeline...
2020-12-17 07:17:01,503 - depthai_utils - INFO - Pipeline created.
2020-12-17 07:17:01,510 - __main__ - INFO - Setup complete, parsing frames...
2020-12-17 07:18:59,711 - root - INFO - Logging system initialized, kept in file /home/pi/Documents/OAK/MaskDetection/coronamask/camera.log...
2020-12-17 07:18:59,716 - __main__ - INFO - Setting up debug run...
2020-12-17 07:19:00,772 - depthai_utils - INFO - Creating DepthAI pipeline...
2020-12-17 07:19:01,319 - depthai_utils - INFO - Pipeline created.
2020-12-17 07:19:01,321 - __main__ - INFO - Setup complete, parsing frames...
2020-12-17 07:19:41,124 - root - INFO - Logging system initialized, kept in file /home/pi/Documents/OAK/MaskDetection/coronamask/camera.log...
2020-12-17 07:19:41,128 - __main__ - INFO - Setting up debug run...
2020-12-17 07:19:42,199 - depthai_utils - INFO - Creating DepthAI pipeline...
2020-12-17 07:19:42,751 - depthai_utils - INFO - Pipeline created.
2020-12-17 07:19:42,753 - __main__ - INFO - Setup complete, parsing frames...
2020-12-17 07:32:49,249 - root - INFO - Logging system initialized, kept in file /home/pi/Documents/OAK/MaskDetection/coronamask/camera.log...
2020-12-17 07:32:49,253 - __main__ - INFO - Setting up debug run...
2020-12-17 07:32:50,359 - depthai_utils - INFO - Creating DepthAI pipeline...
2020-12-17 07:32:50,908 - depthai_utils - INFO - Pipeline created.
2020-12-17 07:32:50,916 - __main__ - INFO - Setup complete, parsing frames...
2020-12-17 07:39:34,065 - root - INFO - Logging system initialized, kept in file /home/pi/Documents/OAK/MaskDetection/coronamask/camera.log...
2020-12-17 07:39:34,068 - __main__ - INFO - Setting up debug run...
2020-12-17 07:39:35,158 - depthai_utils - INFO - Creating DepthAI pipeline...
2020-12-17 07:39:35,717 - depthai_utils - INFO - Pipeline created.
2020-12-17 07:39:35,720 - __main__ - INFO - Setup complete, parsing frames...
2020-12-17 07:40:49,913 - root - INFO - Logging system initialized, kept in file /home/pi/Documents/OAK/MaskDetection/coronamask/camera.log...
2020-12-17 07:40:49,916 - __main__ - INFO - Setting up debug run...
2020-12-17 07:40:50,997 - depthai_utils - INFO - Creating DepthAI pipeline...
2020-12-17 07:40:51,581 - depthai_utils - INFO - Pipeline created.
2020-12-17 07:40:51,584 - __main__ - INFO - Setup complete, parsing frames...
2020-12-17 07:41:21,481 - root - INFO - Logging system initialized, kept in file /home/pi/Documents/OAK/MaskDetection/coronamask/camera.log...
2020-12-17 07:41:21,484 - __main__ - INFO - Setting up debug run...
2020-12-17 07:41:22,569 - depthai_utils - INFO - Creating DepthAI pipeline...
2020-12-17 07:41:23,122 - depthai_utils - INFO - Pipeline created.
2020-12-17 07:41:23,124 - __main__ - INFO - Setup complete, parsing frames...
2020-12-17 07:43:51,598 - root - INFO - Logging system initialized, kept in file /home/pi/Documents/OAK/MaskDetection/coronamask/camera.log...
2020-12-17 07:43:51,601 - __main__ - INFO - Setting up debug run...
2020-12-17 07:43:52,692 - depthai_utils - INFO - Creating DepthAI pipeline...
2020-12-17 07:43:53,236 - depthai_utils - INFO - Pipeline created.
2020-12-17 07:43:53,239 - __main__ - INFO - Setup complete, parsing frames...
2020-12-17 07:50:10,965 - root - INFO - Logging system initialized, kept in file /home/pi/Documents/OAK/MaskDetection/coronamask/camera.log...
2020-12-17 07:50:10,967 - __main__ - INFO - Setting up debug run...
2020-12-17 07:50:12,028 - depthai_utils - INFO - Creating DepthAI pipeline...
2020-12-17 07:50:12,587 - depthai_utils - INFO - Pipeline created.
2020-12-17 07:50:12,592 - __main__ - INFO - Setup complete, parsing frames...
